<?xml version="1.0" encoding="UTF-8"?>
<testsuite xmlns:xsi="http://www.w3.org/2001/XMLSchema-instance" xsi:noNamespaceSchemaLocation="https://maven.apache.org/surefire/maven-surefire-plugin/xsd/surefire-test-report-3.0.xsd" version="3.0" name="br.com.spring.placeti.repository.PersonRepositoryTest" time="4.521" tests="5" errors="0" skipped="0" failures="0">
  <properties>
[...]
</properties>
  <testcase name="update_UpdatesPerson_WhenSucessful" classname="br.com.spring.placeti.repository.PersonRepositoryTest" time="0.184">
    <system-out><![CDATA[2023-10-20T14:30:52.093-03:00  INFO 17312 --- [           main] t.c.s.AnnotationConfigContextLoaderUtils : Could not detect default configuration classes for test class [br.com.spring.placeti.repository.PersonRepositoryTest]: PersonRepositoryTest does not declare any static, non-private, non-final, nested classes annotated with @Configuration.
2023-10-20T14:30:52.268-03:00  INFO 17312 --- [           main] .b.t.c.SpringBootTestContextBootstrapper : Found @SpringBootConfiguration br.com.spring.placeti.ApplicationStart for test class br.com.spring.placeti.repository.PersonRepositoryTest

  .   ____          _            __ _ _
 /\\ / ___'_ __ _ _(_)_ __  __ _ \ \ \ \
( ( )\___ | '_ | '_| | '_ \/ _` | \ \ \ \
 \\/  ___)| |_)| | | | | || (_| |  ) ) ) )
  '  |____| .__|_| |_|_| |_\__, | / / / /
 =========|_|==============|___/=/_/_/_/
 :: Spring Boot ::                (v3.1.4)

2023-10-20T14:30:52.508-03:00  INFO 17312 --- [           main] b.c.s.p.repository.PersonRepositoryTest  : Starting PersonRepositoryTest using Java 17.0.8 with PID 17312 (started by eduardo.rocha in C:\Users\eduardo.rocha\IdeaProjects\spring-boot-essentials)
2023-10-20T14:30:52.509-03:00  INFO 17312 --- [           main] b.c.s.p.repository.PersonRepositoryTest  : No active profile set, falling back to 1 default profile: "default"
2023-10-20T14:30:53.345-03:00  INFO 17312 --- [           main] .s.d.r.c.RepositoryConfigurationDelegate : Bootstrapping Spring Data JPA repositories in DEFAULT mode.
2023-10-20T14:30:53.443-03:00  INFO 17312 --- [           main] .s.d.r.c.RepositoryConfigurationDelegate : Finished Spring Data repository scanning in 97 ms. Found 1 JPA repository interfaces.
2023-10-20T14:30:53.500-03:00  INFO 17312 --- [           main] beddedDataSourceBeanFactoryPostProcessor : Replacing 'dataSource' DataSource bean with embedded version
2023-10-20T14:30:53.594-03:00  INFO 17312 --- [           main] o.s.j.d.e.EmbeddedDatabaseFactory        : Starting embedded database: url='jdbc:h2:mem:ddc2a834-d72b-4784-b18d-a66374f0708f;DB_CLOSE_DELAY=-1;DB_CLOSE_ON_EXIT=false', username='sa'
2023-10-20T14:30:54.584-03:00  INFO 17312 --- [           main] o.hibernate.jpa.internal.util.LogHelper  : HHH000204: Processing PersistenceUnitInfo [name: default]
2023-10-20T14:30:54.609-03:00  INFO 17312 --- [           main] o.h.b.i.BytecodeProviderInitiator        : HHH000021: Bytecode provider name : bytebuddy
2023-10-20T14:30:54.610-03:00  INFO 17312 --- [           main] o.s.o.j.p.SpringPersistenceUnitInfo      : No LoadTimeWeaver setup: ignoring JPA class transformer
2023-10-20T14:30:54.698-03:00  INFO 17312 --- [           main] o.h.b.i.BytecodeProviderInitiator        : HHH000021: Bytecode provider name : bytebuddy
2023-10-20T14:30:54.797-03:00  INFO 17312 --- [           main] o.h.e.t.j.p.i.JtaPlatformInitiator       : HHH000490: Using JtaPlatform implementation: [org.hibernate.engine.transaction.jta.platform.internal.NoJtaPlatform]
2023-10-20T14:30:54.875-03:00 DEBUG 17312 --- [           main] org.hibernate.SQL                        : create table person (id bigint generated by default as identity, age integer not null, name varchar(255), profession varchar(255), primary key (id))
Hibernate: create table person (id bigint generated by default as identity, age integer not null, name varchar(255), profession varchar(255), primary key (id))
2023-10-20T14:30:54.910-03:00  INFO 17312 --- [           main] j.LocalContainerEntityManagerFactoryBean : Initialized JPA EntityManagerFactory for persistence unit 'default'
2023-10-20T14:30:55.508-03:00  INFO 17312 --- [           main] b.c.s.p.repository.PersonRepositoryTest  : Started PersonRepositoryTest in 3.213 seconds (process running for 17.484)
2023-10-20T14:30:55.629-03:00 DEBUG 17312 --- [           main] org.hibernate.SQL                        : insert into person (age,name,profession,id) values (?,?,?,default)
Hibernate: insert into person (age,name,profession,id) values (?,?,?,default)
]]></system-out>
  </testcase>
  <testcase name="delete_RemovesPerson_WhenSucessful" classname="br.com.spring.placeti.repository.PersonRepositoryTest" time="0.073">
    <system-out><![CDATA[2023-10-20T14:30:55.715-03:00 DEBUG 17312 --- [           main] org.hibernate.SQL                        : insert into person (age,name,profession,id) values (?,?,?,default)
Hibernate: insert into person (age,name,profession,id) values (?,?,?,default)
]]></system-out>
  </testcase>
  <testcase name="findByProfession_ReturnsEmptyList_WhenProfessionNotFound" classname="br.com.spring.placeti.repository.PersonRepositoryTest" time="0.706">
    <system-out><![CDATA[2023-10-20T14:30:56.475-03:00 DEBUG 17312 --- [           main] org.hibernate.SQL                        : select p1_0.id,p1_0.age,p1_0.name,p1_0.profession from person p1_0 where p1_0.profession=?
Hibernate: select p1_0.id,p1_0.age,p1_0.name,p1_0.profession from person p1_0 where p1_0.profession=?
]]></system-out>
  </testcase>
  <testcase name="findByProfession_ReturnsListOfPerson_WhenSucessful" classname="br.com.spring.placeti.repository.PersonRepositoryTest" time="0.044">
    <system-out><![CDATA[2023-10-20T14:30:56.500-03:00 DEBUG 17312 --- [           main] org.hibernate.SQL                        : insert into person (age,name,profession,id) values (?,?,?,default)
Hibernate: insert into person (age,name,profession,id) values (?,?,?,default)
2023-10-20T14:30:56.526-03:00 DEBUG 17312 --- [           main] org.hibernate.SQL                        : select p1_0.id,p1_0.age,p1_0.name,p1_0.profession from person p1_0 where p1_0.profession=?
Hibernate: select p1_0.id,p1_0.age,p1_0.name,p1_0.profession from person p1_0 where p1_0.profession=?
]]></system-out>
  </testcase>
  <testcase name="save_PersistPerson_WhenSucessful" classname="br.com.spring.placeti.repository.PersonRepositoryTest" time="0.02">
    <system-out><![CDATA[2023-10-20T14:30:56.544-03:00 DEBUG 17312 --- [           main] org.hibernate.SQL                        : insert into person (age,name,profession,id) values (?,?,?,default)
Hibernate: insert into person (age,name,profession,id) values (?,?,?,default)
]]></system-out>
  </testcase>
</testsuite>